Arguments: 
  C:\Program Files\nodejs\node.exe C:\Program Files (x86)\Yarn\bin\yarn.js add nod-sass

PATH: 
  C:\oraclexe\app\oracle\product\11.2.0\server\bin;C:\WINDOWS\system32;C:\WINDOWS;C:\WINDOWS\System32\Wbem;C:\WINDOWS\System32\WindowsPowerShell\v1.0\;C:\WINDOWS\System32\OpenSSH\;C:\Users\seonj\AppData\Local\Programs\Python\Python39;C:\Users\seonj\AppData\Local\Programs\Python\Python39\Scripts;C:\Program Files\Docker\Docker\resources\bin;C:\ProgramData\DockerDesktop\version-bin;C:\Program Files\Java\jdk-11.0.16\bin;C:\Program Files\nodejs\;C:\Program Files (x86)\Yarn\bin\;C:\Program Files\Git\cmd;C:\Users\seonj\anaconda3;C:\Users\seonj\anaconda3\Library\mingw-w64\bin;C:\Users\seonj\anaconda3\Library\usr\bin;C:\Users\seonj\anaconda3\Library\bin;C:\Users\seonj\anaconda3\Scripts;C:\Users\seonj\AppData\Local\Programs\Python\Python39\Scripts\;C:\Users\seonj\AppData\Local\Programs\Python\Python39\;C:\Users\seonj\AppData\Local\Microsoft\WindowsApps;C:\Users\seonj\AppData\Local\Programs\Microsoft VS Code\bin;D:\mysql-8.0.31-winx64\bin;C:\Users\seonj\AppData\Roaming\npm;C:\Users\seonj\AppData\Local\Yarn\bin

Yarn version: 
  1.22.19

Node version: 
  18.12.1

Platform: 
  win32 x64

Trace: 
  Error: https://registry.yarnpkg.com/nod-sass: Not found
      at params.callback [as _callback] (C:\Program Files (x86)\Yarn\lib\cli.js:66145:18)
      at self.callback (C:\Program Files (x86)\Yarn\lib\cli.js:140890:22)
      at Request.emit (node:events:513:28)
      at Request.<anonymous> (C:\Program Files (x86)\Yarn\lib\cli.js:141862:10)
      at Request.emit (node:events:513:28)
      at IncomingMessage.<anonymous> (C:\Program Files (x86)\Yarn\lib\cli.js:141784:12)
      at Object.onceWrapper (node:events:627:28)
      at IncomingMessage.emit (node:events:525:35)
      at endReadableNT (node:internal/streams/readable:1359:12)
      at process.processTicksAndRejections (node:internal/process/task_queues:82:21)

npm manifest: 
  No manifest

yarn manifest: 
  No manifest

Lockfile: 
  # THIS IS AN AUTOGENERATED FILE. DO NOT EDIT THIS FILE DIRECTLY.
  # yarn lockfile v1
